DEPRECATION WARNING: Leaving `ActiveRecord::ConnectionAdapters::SQLite3Adapter.represent_boolean_as_integer`
set to false is deprecated. SQLite databases have used 't' and 'f' to serialize
boolean values and must have old data converted to 1 and 0 (its native boolean
serialization) before setting this flag to true. Conversion can be accomplished
by setting up a rake task which runs

  ExampleModel.where("boolean_column = 't'").update_all(boolean_column: 1)
  ExampleModel.where("boolean_column = 'f'").update_all(boolean_column: 0)

for all models and all boolean columns, after which the flag must be set to
true by adding the following to your application.rb file:

  Rails.application.config.active_record.sqlite3.represent_boolean_as_integer = true
 (called from load at C:/Ruby24-x64/bin/rake:23)
  [1m[35m (0.1ms)[0m  [1m[34mSELECT sqlite_version(*)[0m
  [1m[35m (5.9ms)[0m  [1m[35mCREATE TABLE "schema_migrations" ("version" varchar NOT NULL PRIMARY KEY)[0m
  [1m[35m (4.7ms)[0m  [1m[35mCREATE TABLE "ar_internal_metadata" ("key" varchar NOT NULL PRIMARY KEY, "value" varchar, "created_at" datetime NOT NULL, "updated_at" datetime NOT NULL)[0m
  [1m[35m (0.5ms)[0m  [1m[34mSELECT "schema_migrations"."version" FROM "schema_migrations" ORDER BY "schema_migrations"."version" ASC[0m
Migrating to UpdateSchema1 (20190410122226)
  [1m[35m (0.4ms)[0m  [1m[36mbegin transaction[0m
  [1m[35m (1.8ms)[0m  [1m[35mCREATE TABLE "employees" ("id" integer PRIMARY KEY AUTOINCREMENT NOT NULL, "emp_id" varchar, "name" varchar, "age" integer, "address" varchar, "busho" varchar, "created_at" datetime, "updated_at" datetime)[0m
  [1m[36mActiveRecord::SchemaMigration Create (0.2ms)[0m  [1m[32mINSERT INTO "schema_migrations" ("version") VALUES (?)[0m  [["version", "20190410122226"]]
  [1m[35m (4.5ms)[0m  [1m[36mcommit transaction[0m
  [1m[36mActiveRecord::InternalMetadata Load (0.4ms)[0m  [1m[34mSELECT  "ar_internal_metadata".* FROM "ar_internal_metadata" WHERE "ar_internal_metadata"."key" = ? LIMIT ?[0m  [["key", "environment"], ["LIMIT", 1]]
  [1m[35m (0.1ms)[0m  [1m[36mbegin transaction[0m
  [1m[36mActiveRecord::InternalMetadata Create (1.0ms)[0m  [1m[32mINSERT INTO "ar_internal_metadata" ("key", "value", "created_at", "updated_at") VALUES (?, ?, ?, ?)[0m  [["key", "environment"], ["value", "development"], ["created_at", "2019-04-10 12:33:00.309092"], ["updated_at", "2019-04-10 12:33:00.309092"]]
  [1m[35m (3.3ms)[0m  [1m[36mcommit transaction[0m
  [1m[35m (0.5ms)[0m  [1m[34mSELECT "schema_migrations"."version" FROM "schema_migrations" ORDER BY "schema_migrations"."version" ASC[0m
DEPRECATION WARNING: Leaving `ActiveRecord::ConnectionAdapters::SQLite3Adapter.represent_boolean_as_integer`
set to false is deprecated. SQLite databases have used 't' and 'f' to serialize
boolean values and must have old data converted to 1 and 0 (its native boolean
serialization) before setting this flag to true. Conversion can be accomplished
by setting up a rake task which runs

  ExampleModel.where("boolean_column = 't'").update_all(boolean_column: 1)
  ExampleModel.where("boolean_column = 'f'").update_all(boolean_column: 0)

for all models and all boolean columns, after which the flag must be set to
true by adding the following to your application.rb file:

  Rails.application.config.active_record.sqlite3.represent_boolean_as_integer = true
 (called from instance_eval at C:/Ruby24-x64/lib/ruby/gems/2.4.0/gems/activesupport-5.2.3/lib/active_support/lazy_load_hooks.rb:71)
Started GET "/" for ::1 at 2019-04-10 21:33:22 +0900
Processing by RoutesController#index as HTML
  Rendering routes/index.html.erb within layouts/application
  Rendered routes/index.html.erb within layouts/application (3.7ms)
DEPRECATION WARNING: Extra .css in SCSS file is unnecessary. Rename C:/rails/miyatsuko_test1/app/assets/stylesheets/_variables.css.scss to C:/rails/miyatsuko_test1/app/assets/stylesheets/_variables.scss. (called from _app_views_layouts_application_html_erb__783660039_53406900 at C:/rails/miyatsuko_test1/app/views/layouts/application.html.erb:5)
DEPRECATION WARNING: Extra .css in SCSS file is unnecessary. Rename C:/rails/miyatsuko_test1/app/assets/stylesheets/_bootstrap_overrides.css.scss to C:/rails/miyatsuko_test1/app/assets/stylesheets/_bootstrap_overrides.scss. (called from _app_views_layouts_application_html_erb__783660039_53406900 at C:/rails/miyatsuko_test1/app/views/layouts/application.html.erb:5)
Started GET "/" for ::1 at 2019-04-10 21:33:25 +0900
Processing by RoutesController#index as HTML
  Rendering routes/index.html.erb within layouts/application
  Rendered routes/index.html.erb within layouts/application (0.7ms)
DEPRECATION WARNING: Extra .css in SCSS file is unnecessary. Rename C:/rails/miyatsuko_test1/app/assets/stylesheets/_variables.css.scss to C:/rails/miyatsuko_test1/app/assets/stylesheets/_variables.scss. (called from _app_views_layouts_application_html_erb__783660039_53406900 at C:/rails/miyatsuko_test1/app/views/layouts/application.html.erb:5)
DEPRECATION WARNING: Extra .css in SCSS file is unnecessary. Rename C:/rails/miyatsuko_test1/app/assets/stylesheets/_bootstrap_overrides.css.scss to C:/rails/miyatsuko_test1/app/assets/stylesheets/_bootstrap_overrides.scss. (called from _app_views_layouts_application_html_erb__783660039_53406900 at C:/rails/miyatsuko_test1/app/views/layouts/application.html.erb:5)
DEPRECATION WARNING: Extra .css in SCSS file is unnecessary. Rename C:/rails/miyatsuko_test1/app/assets/stylesheets/_variables.css.scss to C:/rails/miyatsuko_test1/app/assets/stylesheets/_variables.scss. (called from _app_views_layouts_application_html_erb__783660039_106195580 at C:/rails/miyatsuko_test1/app/views/layouts/application.html.erb:5)
DEPRECATION WARNING: Extra .css in SCSS file is unnecessary. Rename C:/rails/miyatsuko_test1/app/assets/stylesheets/_bootstrap_overrides.css.scss to C:/rails/miyatsuko_test1/app/assets/stylesheets/_bootstrap_overrides.scss. (called from _app_views_layouts_application_html_erb__783660039_106195580 at C:/rails/miyatsuko_test1/app/views/layouts/application.html.erb:5)
DEPRECATION WARNING: Extra .css in SCSS file is unnecessary. Rename C:/rails/miyatsuko_test1/app/assets/stylesheets/_variables.css.scss to C:/rails/miyatsuko_test1/app/assets/stylesheets/_variables.scss. (called from _app_views_layouts_application_html_erb__783660039_106195580 at C:/rails/miyatsuko_test1/app/views/layouts/application.html.erb:5)
DEPRECATION WARNING: Extra .css in SCSS file is unnecessary. Rename C:/rails/miyatsuko_test1/app/assets/stylesheets/_bootstrap_overrides.css.scss to C:/rails/miyatsuko_test1/app/assets/stylesheets/_bootstrap_overrides.scss. (called from _app_views_layouts_application_html_erb__783660039_106195580 at C:/rails/miyatsuko_test1/app/views/layouts/application.html.erb:5)
Completed 200 OK in 6584ms (Views: 6460.0ms)


Completed 200 OK in 10970ms (Views: 10931.3ms)


Started GET "/employees" for ::1 at 2019-04-10 21:33:35 +0900
Processing by EmployeesController#index as HTML
  Rendering employees/index.html.erb within layouts/application
  [1m[36mEmployee Load (6.1ms)[0m  [1m[34mSELECT "employees".* FROM "employees"[0m
  Rendered employees/index.html.erb within layouts/application (23.5ms)
Completed 200 OK in 670ms (Views: 498.0ms | ActiveRecord: 7.5ms)


Started GET "/employees/new" for ::1 at 2019-04-10 21:33:39 +0900
Processing by EmployeesController#new as HTML
  Rendering employees/new.html.erb within layouts/application
  Rendered employees/new.html.erb within layouts/application (16.4ms)
Completed 200 OK in 554ms (Views: 509.3ms | ActiveRecord: 1.4ms)


Started POST "/employees" for ::1 at 2019-04-10 21:34:01 +0900
Processing by EmployeesController#create as HTML
  Parameters: {"utf8"=>"âœ“", "authenticity_token"=>"mzyw5/zo291+6fFhvRleJW0a2ntLYMwuxyDHQNZP5e6pWopgsri1AWrPcnjdVgQimJ4iv+N/b9QxAB8RyxWBsA==", "employee"=>{"emp_id"=>"10001", "name"=>"ç”°ä¸­ãƒ«ãƒ“ãƒ¼", "age"=>"35", "address"=>"æ±äº¬éƒ½ä¸–ç”°è°·åŒº", "busho"=>"å–¶æ¥­éƒ¨"}, "commit"=>"ä¿å­˜"}
  [1m[35m (0.2ms)[0m  [1m[36mbegin transaction[0m
  [1m[36mEmployee Create (1.8ms)[0m  [1m[32mINSERT INTO "employees" ("emp_id", "name", "age", "address", "busho", "created_at", "updated_at") VALUES (?, ?, ?, ?, ?, ?, ?)[0m  [["emp_id", "10001"], ["name", "ç”°ä¸­ãƒ«ãƒ“ãƒ¼"], ["age", 35], ["address", "æ±äº¬éƒ½ä¸–ç”°è°·åŒº"], ["busho", "å–¶æ¥­éƒ¨"], ["created_at", "2019-04-10 12:34:01.615894"], ["updated_at", "2019-04-10 12:34:01.615894"]]
  [1m[35m (3.9ms)[0m  [1m[36mcommit transaction[0m
Redirected to http://localhost:3000/employees/1
Completed 302 Found in 14ms (ActiveRecord: 5.9ms)


Started GET "/employees/1" for ::1 at 2019-04-10 21:34:01 +0900
Processing by EmployeesController#show as HTML
  Parameters: {"id"=>"1"}
  [1m[36mEmployee Load (0.4ms)[0m  [1m[34mSELECT  "employees".* FROM "employees" WHERE "employees"."id" = ? LIMIT ?[0m  [["id", 1], ["LIMIT", 1]]
  Rendering employees/show.html.erb within layouts/application
  Rendered employees/show.html.erb within layouts/application (1.7ms)
Completed 200 OK in 570ms (Views: 518.0ms | ActiveRecord: 0.4ms)


Started GET "/employees" for ::1 at 2019-04-10 21:34:03 +0900
Processing by EmployeesController#index as HTML
  Rendering employees/index.html.erb within layouts/application
  [1m[36mEmployee Load (0.4ms)[0m  [1m[34mSELECT "employees".* FROM "employees"[0m
  Rendered employees/index.html.erb within layouts/application (3.4ms)
Completed 200 OK in 537ms (Views: 497.9ms | ActiveRecord: 0.4ms)


Started GET "/employees/new" for ::1 at 2019-04-10 21:34:12 +0900
Processing by EmployeesController#new as HTML
  Rendering employees/new.html.erb within layouts/application
  Rendered employees/new.html.erb within layouts/application (1.7ms)
Completed 200 OK in 550ms (Views: 512.8ms | ActiveRecord: 0.0ms)


Started POST "/employees" for ::1 at 2019-04-10 21:34:22 +0900
Processing by EmployeesController#create as HTML
  Parameters: {"utf8"=>"âœ“", "authenticity_token"=>"y9FXooXZ0ZZr6hyVq8n3BgEspW0WyjGMvxFcUBmiGNP5t20ly4m/Sn/Mn4zLhq0B9Khdqb7VknZJMYQBBPh8jQ==", "employee"=>{"emp_id"=>"10002", "name"=>"ä¼Šè—¤ãƒ¬ã‚¤ãƒ«ã‚º", "age"=>"25", "address"=>"", "busho"=>""}, "commit"=>"ä¿å­˜"}
  [1m[35m (0.1ms)[0m  [1m[36mbegin transaction[0m
  [1m[36mEmployee Create (1.5ms)[0m  [1m[32mINSERT INTO "employees" ("emp_id", "name", "age", "address", "busho", "created_at", "updated_at") VALUES (?, ?, ?, ?, ?, ?, ?)[0m  [["emp_id", "10002"], ["name", "ä¼Šè—¤ãƒ¬ã‚¤ãƒ«ã‚º"], ["age", 25], ["address", ""], ["busho", ""], ["created_at", "2019-04-10 12:34:22.506964"], ["updated_at", "2019-04-10 12:34:22.506964"]]
  [1m[35m (4.0ms)[0m  [1m[36mcommit transaction[0m
Redirected to http://localhost:3000/employees/2
Completed 302 Found in 13ms (ActiveRecord: 5.5ms)


Started GET "/employees/2" for ::1 at 2019-04-10 21:34:22 +0900
Processing by EmployeesController#show as HTML
  Parameters: {"id"=>"2"}
  [1m[36mEmployee Load (0.6ms)[0m  [1m[34mSELECT  "employees".* FROM "employees" WHERE "employees"."id" = ? LIMIT ?[0m  [["id", 2], ["LIMIT", 1]]
  Rendering employees/show.html.erb within layouts/application
  Rendered employees/show.html.erb within layouts/application (1.2ms)
Completed 200 OK in 586ms (Views: 536.4ms | ActiveRecord: 0.6ms)


Started GET "/employees/2/edit" for ::1 at 2019-04-10 21:34:29 +0900
Processing by EmployeesController#edit as HTML
  Parameters: {"id"=>"2"}
  [1m[36mEmployee Load (0.6ms)[0m  [1m[34mSELECT  "employees".* FROM "employees" WHERE "employees"."id" = ? LIMIT ?[0m  [["id", 2], ["LIMIT", 1]]
  Rendering employees/edit.html.erb within layouts/application
  Rendered employees/edit.html.erb within layouts/application (1.8ms)
Completed 200 OK in 583ms (Views: 540.7ms | ActiveRecord: 0.6ms)


Started PATCH "/employees/2" for ::1 at 2019-04-10 21:34:37 +0900
Processing by EmployeesController#update as HTML
  Parameters: {"utf8"=>"âœ“", "authenticity_token"=>"HUuefy5dJhwy+PMpAMooj+swjXQCGPwA+V5xv80kAAMvLaT4YA1IwCbecDBghXKIHrR1sKoHX/oPfqnu0H5kXQ==", "employee"=>{"emp_id"=>"10002", "name"=>"ä¼Šè—¤ãƒ¬ã‚¤ãƒ«ã‚º", "age"=>"25", "address"=>"æ±äº¬éƒ½ä¸–ç”°è°·åŒº", "busho"=>"é–‹ç™ºéƒ¨"}, "commit"=>"ä¿å­˜", "id"=>"2"}
  [1m[36mEmployee Load (0.4ms)[0m  [1m[34mSELECT  "employees".* FROM "employees" WHERE "employees"."id" = ? LIMIT ?[0m  [["id", 2], ["LIMIT", 1]]
  [1m[35m (0.1ms)[0m  [1m[36mbegin transaction[0m
  [1m[36mEmployee Update (7.3ms)[0m  [1m[33mUPDATE "employees" SET "address" = ?, "busho" = ?, "updated_at" = ? WHERE "employees"."id" = ?[0m  [["address", "æ±äº¬éƒ½ä¸–ç”°è°·åŒº"], ["busho", "é–‹ç™ºéƒ¨"], ["updated_at", "2019-04-10 12:34:37.789137"], ["id", 2]]
  [1m[35m (5.8ms)[0m  [1m[36mcommit transaction[0m
Redirected to http://localhost:3000/employees/2
Completed 302 Found in 23ms (ActiveRecord: 13.6ms)


Started GET "/employees/2" for ::1 at 2019-04-10 21:34:37 +0900
Processing by EmployeesController#show as HTML
  Parameters: {"id"=>"2"}
  [1m[36mEmployee Load (0.4ms)[0m  [1m[34mSELECT  "employees".* FROM "employees" WHERE "employees"."id" = ? LIMIT ?[0m  [["id", 2], ["LIMIT", 1]]
  Rendering employees/show.html.erb within layouts/application
  Rendered employees/show.html.erb within layouts/application (1.1ms)
Completed 200 OK in 558ms (Views: 519.9ms | ActiveRecord: 0.4ms)


Started GET "/employees" for ::1 at 2019-04-10 21:34:39 +0900
Processing by EmployeesController#index as HTML
  Rendering employees/index.html.erb within layouts/application
  [1m[36mEmployee Load (0.4ms)[0m  [1m[34mSELECT "employees".* FROM "employees"[0m
  Rendered employees/index.html.erb within layouts/application (4.3ms)
Completed 200 OK in 520ms (Views: 482.3ms | ActiveRecord: 0.4ms)


